{"level":"info","message":"Server listening on port 5001","timestamp":"2026-06-30T08:33:37.257Z"}
{"level":"info","message":"::1 - - [30/Jun/2026:08:34:17 +0000] \"GET / HTTP/1.1\" 404 139 \"-\" \"Mozilla/5.0 (Macintosh; Intel Mac OS X 10_15_7) AppleWebKit/605.1.15 (KHTML, like Gecko) Version/26.5 Safari/605.1.15\"","timestamp":"2026-06-30T08:34:17.586Z"}
{"level":"info","message":"::1 - - [30/Jun/2026:08:34:20 +0000] \"GET / HTTP/1.1\" 404 139 \"-\" \"Mozilla/5.0 (Macintosh; Intel Mac OS X 10_15_7) AppleWebKit/605.1.15 (KHTML, like Gecko) Version/26.5 Safari/605.1.15\"","timestamp":"2026-06-30T08:34:20.019Z"}
{"level":"info","message":"::1 - - [30/Jun/2026:08:34:46 +0000] \"POST /api/auth/login HTTP/1.1\" 200 503 \"http://localhost:5173/\" \"Mozilla/5.0 (Macintosh; Intel Mac OS X 10_15_7) AppleWebKit/605.1.15 (KHTML, like Gecko) Version/26.5 Safari/605.1.15\"","timestamp":"2026-06-30T08:34:46.861Z"}
{"level":"info","message":"::1 - - [30/Jun/2026:08:34:46 +0000] \"GET /api/notifications/unread-count HTTP/1.1\" 200 41 \"http://localhost:5173/\" \"Mozilla/5.0 (Macintosh; Intel Mac OS X 10_15_7) AppleWebKit/605.1.15 (KHTML, like Gecko) Version/26.5 Safari/605.1.15\"","timestamp":"2026-06-30T08:34:46.932Z"}
{"level":"info","message":"Socket connected","timestamp":"2026-06-30T08:34:46.937Z","userId":"user-admin"}
{"level":"info","message":"::1 - - [30/Jun/2026:08:34:46 +0000] \"GET /api/notifications?limit=5 HTTP/1.1\" 200 79 \"http://localhost:5173/\" \"Mozilla/5.0 (Macintosh; Intel Mac OS X 10_15_7) AppleWebKit/605.1.15 (KHTML, like Gecko) Version/26.5 Safari/605.1.15\"","timestamp":"2026-06-30T08:34:46.940Z"}
{"level":"info","message":"::1 - - [30/Jun/2026:08:34:52 +0000] \"GET / HTTP/1.1\" 404 139 \"-\" \"Mozilla/5.0 (Macintosh; Intel Mac OS X 10_15_7) AppleWebKit/605.1.15 (KHTML, like Gecko) Version/26.5 Safari/605.1.15\"","timestamp":"2026-06-30T08:34:52.998Z"}
{"level":"info","message":"::1 - - [30/Jun/2026:08:34:53 +0000] \"GET / HTTP/1.1\" 404 139 \"-\" \"Mozilla/5.0 (Macintosh; Intel Mac OS X 10_15_7) AppleWebKit/605.1.15 (KHTML, like Gecko) Version/26.5 Safari/605.1.15\"","timestamp":"2026-06-30T08:34:53.867Z"}
{"level":"info","message":"::1 - - [30/Jun/2026:08:34:57 +0000] \"GET /api/notifications HTTP/1.1\" 200 80 \"http://localhost:5173/\" \"Mozilla/5.0 (Macintosh; Intel Mac OS X 10_15_7) AppleWebKit/605.1.15 (KHTML, like Gecko) Version/26.5 Safari/605.1.15\"","timestamp":"2026-06-30T08:34:57.119Z"}
{"level":"info","message":"::1 - - [30/Jun/2026:08:34:58 +0000] \"GET /api/notifications/priority?top=10 HTTP/1.1\" 200 26 \"http://localhost:5173/\" \"Mozilla/5.0 (Macintosh; Intel Mac OS X 10_15_7) AppleWebKit/605.1.15 (KHTML, like Gecko) Version/26.5 Safari/605.1.15\"","timestamp":"2026-06-30T08:34:58.229Z"}
{"level":"info","message":"::1 - - [30/Jun/2026:08:34:59 +0000] \"GET /api/notifications HTTP/1.1\" 304 - \"http://localhost:5173/\" \"Mozilla/5.0 (Macintosh; Intel Mac OS X 10_15_7) AppleWebKit/605.1.15 (KHTML, like Gecko) Version/26.5 Safari/605.1.15\"","timestamp":"2026-06-30T08:34:59.870Z"}
{"level":"info","message":"::1 - - [30/Jun/2026:08:34:59 +0000] \"GET /api/notifications HTTP/1.1\" 304 - \"http://localhost:5173/\" \"Mozilla/5.0 (Macintosh; Intel Mac OS X 10_15_7) AppleWebKit/605.1.15 (KHTML, like Gecko) Version/26.5 Safari/605.1.15\"","timestamp":"2026-06-30T08:34:59.871Z"}
{"level":"info","message":"::1 - - [30/Jun/2026:08:35:07 +0000] \"GET /api/notifications/unread-count HTTP/1.1\" 304 - \"http://localhost:5173/\" \"Mozilla/5.0 (Macintosh; Intel Mac OS X 10_15_7) AppleWebKit/605.1.15 (KHTML, like Gecko) Version/26.5 Safari/605.1.15\"","timestamp":"2026-06-30T08:35:07.519Z"}
{"level":"info","message":"::1 - - [30/Jun/2026:08:35:07 +0000] \"GET /api/notifications?limit=5 HTTP/1.1\" 304 - \"http://localhost:5173/\" \"Mozilla/5.0 (Macintosh; Intel Mac OS X 10_15_7) AppleWebKit/605.1.15 (KHTML, like Gecko) Version/26.5 Safari/605.1.15\"","timestamp":"2026-06-30T08:35:07.522Z"}
{"level":"info","message":"::1 - - [30/Jun/2026:08:35:07 +0000] \"GET /api/notifications/unread-count HTTP/1.1\" 304 - \"http://localhost:5173/\" \"Mozilla/5.0 (Macintosh; Intel Mac OS X 10_15_7) AppleWebKit/605.1.15 (KHTML, like Gecko) Version/26.5 Safari/605.1.15\"","timestamp":"2026-06-30T08:35:07.525Z"}
{"level":"info","message":"::1 - - [30/Jun/2026:08:35:07 +0000] \"GET /api/notifications?limit=5 HTTP/1.1\" 304 - \"http://localhost:5173/\" \"Mozilla/5.0 (Macintosh; Intel Mac OS X 10_15_7) AppleWebKit/605.1.15 (KHTML, like Gecko) Version/26.5 Safari/605.1.15\"","timestamp":"2026-06-30T08:35:07.527Z"}
{"level":"info","message":"::1 - - [30/Jun/2026:08:35:37 +0000] \"GET /api/health HTTP/1.1\" 200 43 \"-\" \"curl/8.7.1\"","timestamp":"2026-06-30T08:35:37.238Z"}
{"level":"info","message":"Socket disconnected","timestamp":"2026-06-30T08:35:56.939Z","userId":"user-admin"}
{"level":"info","message":"Socket connected","timestamp":"2026-06-30T08:36:06.601Z","userId":"user-admin"}
{"level":"info","message":"::1 - - [30/Jun/2026:08:36:10 +0000] \"GET / HTTP/1.1\" 404 139 \"-\" \"Mozilla/5.0 (Macintosh; Intel Mac OS X 10_15_7) AppleWebKit/605.1.15 (KHTML, like Gecko) Version/26.5 Safari/605.1.15\"","timestamp":"2026-06-30T08:36:10.599Z"}
{"level":"info","message":"::1 - - [30/Jun/2026:08:36:26 +0000] \"GET /api/health%20%E2%86%92%20HTTP%20200 HTTP/1.1\" 404 174 \"-\" \"Mozilla/5.0 (Macintosh; Intel Mac OS X 10_15_7) AppleWebKit/605.1.15 (KHTML, like Gecko) Version/26.5 Safari/605.1.15\"","timestamp":"2026-06-30T08:36:26.230Z"}
{"level":"info","message":"Socket disconnected","timestamp":"2026-06-30T08:36:51.603Z","userId":"user-admin"}
{"level":"info","message":"::1 - - [30/Jun/2026:08:37:19 +0000] \"GET /api/profile HTTP/1.1\" 200 114 \"http://localhost:5173/\" \"Mozilla/5.0 (Macintosh; Intel Mac OS X 10_15_7) AppleWebKit/605.1.15 (KHTML, like Gecko) Version/26.5 Safari/605.1.15\"","timestamp":"2026-06-30T08:37:19.849Z"}
{"level":"info","message":"Socket connected","timestamp":"2026-06-30T08:37:19.893Z","userId":"user-admin"}
{"level":"info","message":"::1 - - [30/Jun/2026:08:37:19 +0000] \"GET /api/notifications?limit=5 HTTP/1.1\" 304 - \"http://localhost:5173/\" \"Mozilla/5.0 (Macintosh; Intel Mac OS X 10_15_7) AppleWebKit/605.1.15 (KHTML, like Gecko) Version/26.5 Safari/605.1.15\"","timestamp":"2026-06-30T08:37:19.894Z"}
{"level":"info","message":"::1 - - [30/Jun/2026:08:37:19 +0000] \"GET /api/notifications/unread-count HTTP/1.1\" 304 - \"http://localhost:5173/\" \"Mozilla/5.0 (Macintosh; Intel Mac OS X 10_15_7) AppleWebKit/605.1.15 (KHTML, like Gecko) Version/26.5 Safari/605.1.15\"","timestamp":"2026-06-30T08:37:19.896Z"}
{"level":"info","message":"::1 - - [30/Jun/2026:08:37:21 +0000] \"GET /api/notifications HTTP/1.1\" 304 - \"http://localhost:5173/\" \"Mozilla/5.0 (Macintosh; Intel Mac OS X 10_15_7) AppleWebKit/605.1.15 (KHTML, like Gecko) Version/26.5 Safari/605.1.15\"","timestamp":"2026-06-30T08:37:21.940Z"}
{"level":"info","message":"::1 - - [30/Jun/2026:08:37:22 +0000] \"GET /api/notifications/priority?top=10 HTTP/1.1\" 304 - \"http://localhost:5173/\" \"Mozilla/5.0 (Macintosh; Intel Mac OS X 10_15_7) AppleWebKit/605.1.15 (KHTML, like Gecko) Version/26.5 Safari/605.1.15\"","timestamp":"2026-06-30T08:37:22.691Z"}
{"level":"info","message":"Socket disconnected","timestamp":"2026-06-30T08:37:24.950Z","userId":"user-admin"}
{"level":"info","message":"::1 - - [30/Jun/2026:08:37:26 +0000] \"POST /api/auth/login HTTP/1.1\" 200 503 \"http://localhost:5173/\" \"Mozilla/5.0 (Macintosh; Intel Mac OS X 10_15_7) AppleWebKit/605.1.15 (KHTML, like Gecko) Version/26.5 Safari/605.1.15\"","timestamp":"2026-06-30T08:37:26.286Z"}
{"level":"info","message":"Socket connected","timestamp":"2026-06-30T08:37:26.318Z","userId":"user-admin"}
{"level":"info","message":"::1 - - [30/Jun/2026:08:37:26 +0000] \"GET /api/notifications/unread-count HTTP/1.1\" 304 - \"http://localhost:5173/\" \"Mozilla/5.0 (Macintosh; Intel Mac OS X 10_15_7) AppleWebKit/605.1.15 (KHTML, like Gecko) Version/26.5 Safari/605.1.15\"","timestamp":"2026-06-30T08:37:26.323Z"}
{"level":"info","message":"::1 - - [30/Jun/2026:08:37:26 +0000] \"GET /api/notifications?limit=5 HTTP/1.1\" 304 - \"http://localhost:5173/\" \"Mozilla/5.0 (Macintosh; Intel Mac OS X 10_15_7) AppleWebKit/605.1.15 (KHTML, like Gecko) Version/26.5 Safari/605.1.15\"","timestamp":"2026-06-30T08:37:26.324Z"}
{"level":"info","message":"::1 - - [30/Jun/2026:08:37:28 +0000] \"GET /api/notifications HTTP/1.1\" 304 - \"http://localhost:5173/\" \"Mozilla/5.0 (Macintosh; Intel Mac OS X 10_15_7) AppleWebKit/605.1.15 (KHTML, like Gecko) Version/26.5 Safari/605.1.15\"","timestamp":"2026-06-30T08:37:28.486Z"}
{"level":"info","message":"::1 - - [30/Jun/2026:08:37:43 +0000] \"GET /api/notifications/unread-count HTTP/1.1\" 304 - \"http://localhost:5173/\" \"Mozilla/5.0 (Macintosh; Intel Mac OS X 10_15_7) AppleWebKit/605.1.15 (KHTML, like Gecko) Version/26.5 Safari/605.1.15\"","timestamp":"2026-06-30T08:37:43.557Z"}
{"level":"info","message":"::1 - - [30/Jun/2026:08:37:43 +0000] \"GET /api/notifications?limit=5 HTTP/1.1\" 304 - \"http://localhost:5173/\" \"Mozilla/5.0 (Macintosh; Intel Mac OS X 10_15_7) AppleWebKit/605.1.15 (KHTML, like Gecko) Version/26.5 Safari/605.1.15\"","timestamp":"2026-06-30T08:37:43.559Z"}
{"level":"info","message":"::1 - - [30/Jun/2026:08:37:43 +0000] \"GET /api/notifications/unread-count HTTP/1.1\" 304 - \"http://localhost:5173/\" \"Mozilla/5.0 (Macintosh; Intel Mac OS X 10_15_7) AppleWebKit/605.1.15 (KHTML, like Gecko) Version/26.5 Safari/605.1.15\"","timestamp":"2026-06-30T08:37:43.560Z"}
{"level":"info","message":"::1 - - [30/Jun/2026:08:37:43 +0000] \"GET /api/notifications?limit=5 HTTP/1.1\" 304 - \"http://localhost:5173/\" \"Mozilla/5.0 (Macintosh; Intel Mac OS X 10_15_7) AppleWebKit/605.1.15 (KHTML, like Gecko) Version/26.5 Safari/605.1.15\"","timestamp":"2026-06-30T08:37:43.561Z"}
{"level":"info","message":"::1 - - [30/Jun/2026:08:37:44 +0000] \"GET /api/notifications HTTP/1.1\" 304 - \"http://localhost:5173/\" \"Mozilla/5.0 (Macintosh; Intel Mac OS X 10_15_7) AppleWebKit/605.1.15 (KHTML, like Gecko) Version/26.5 Safari/605.1.15\"","timestamp":"2026-06-30T08:37:44.524Z"}
{"level":"info","message":"::1 - - [30/Jun/2026:08:37:44 +0000] \"GET /api/notifications HTTP/1.1\" 304 - \"http://localhost:5173/\" \"Mozilla/5.0 (Macintosh; Intel Mac OS X 10_15_7) AppleWebKit/605.1.15 (KHTML, like Gecko) Version/26.5 Safari/605.1.15\"","timestamp":"2026-06-30T08:37:44.526Z"}
{"level":"info","message":"::1 - - [30/Jun/2026:08:37:45 +0000] \"GET /api/notifications/priority?top=10 HTTP/1.1\" 304 - \"http://localhost:5173/\" \"Mozilla/5.0 (Macintosh; Intel Mac OS X 10_15_7) AppleWebKit/605.1.15 (KHTML, like Gecko) Version/26.5 Safari/605.1.15\"","timestamp":"2026-06-30T08:37:45.960Z"}
{"level":"info","message":"::1 - - [30/Jun/2026:08:38:14 +0000] \"GET /api HTTP/1.1\" 404 142 \"-\" \"Mozilla/5.0 (Macintosh; Intel Mac OS X 10_15_7) AppleWebKit/605.1.15 (KHTML, like Gecko) Version/26.5 Safari/605.1.15\"","timestamp":"2026-06-30T08:38:14.811Z"}
{"level":"info","message":"::1 - - [30/Jun/2026:08:38:43 +0000] \"GET /api/health HTTP/1.1\" 200 43 \"-\" \"curl/8.7.1\"","timestamp":"2026-06-30T08:38:43.765Z"}
{"level":"info","message":"Socket disconnected","timestamp":"2026-06-30T08:39:01.339Z","userId":"user-admin"}
{"level":"info","message":"::1 - - [30/Jun/2026:08:39:09 +0000] \"GET /api/profile HTTP/1.1\" 304 - \"http://localhost:5173/\" \"Mozilla/5.0 (Macintosh; Intel Mac OS X 10_15_7) AppleWebKit/605.1.15 (KHTML, like Gecko) Version/26.5 Safari/605.1.15\"","timestamp":"2026-06-30T08:39:09.571Z"}
{"level":"info","message":"::1 - - [30/Jun/2026:08:39:09 +0000] \"GET /api/notifications/unread-count HTTP/1.1\" 304 - \"http://localhost:5173/\" \"Mozilla/5.0 (Macintosh; Intel Mac OS X 10_15_7) AppleWebKit/605.1.15 (KHTML, like Gecko) Version/26.5 Safari/605.1.15\"","timestamp":"2026-06-30T08:39:09.607Z"}
{"level":"info","message":"::1 - - [30/Jun/2026:08:39:09 +0000] \"GET /api/notifications?limit=5 HTTP/1.1\" 304 - \"http://localhost:5173/\" \"Mozilla/5.0 (Macintosh; Intel Mac OS X 10_15_7) AppleWebKit/605.1.15 (KHTML, like Gecko) Version/26.5 Safari/605.1.15\"","timestamp":"2026-06-30T08:39:09.608Z"}
{"level":"info","message":"Socket connected","timestamp":"2026-06-30T08:39:09.609Z","userId":"user-admin"}
{"level":"info","message":"Socket disconnected","timestamp":"2026-06-30T08:39:09.903Z","userId":"user-admin"}
{"level":"info","message":"::1 - - [30/Jun/2026:08:39:10 +0000] \"GET /api/profile HTTP/1.1\" 304 - \"http://localhost:5173/\" \"Mozilla/5.0 (Macintosh; Intel Mac OS X 10_15_7) AppleWebKit/605.1.15 (KHTML, like Gecko) Version/26.5 Safari/605.1.15\"","timestamp":"2026-06-30T08:39:10.028Z"}
{"level":"info","message":"::1 - - [30/Jun/2026:08:39:10 +0000] \"GET /api/profile HTTP/1.1\" 304 - \"http://localhost:5173/\" \"Mozilla/5.0 (Macintosh; Intel Mac OS X 10_15_7) AppleWebKit/605.1.15 (KHTML, like Gecko) Version/26.5 Safari/605.1.15\"","timestamp":"2026-06-30T08:39:10.030Z"}
{"level":"info","message":"::1 - - [30/Jun/2026:08:39:10 +0000] \"GET /api/notifications/unread-count HTTP/1.1\" 304 - \"http://localhost:5173/\" \"Mozilla/5.0 (Macintosh; Intel Mac OS X 10_15_7) AppleWebKit/605.1.15 (KHTML, like Gecko) Version/26.5 Safari/605.1.15\"","timestamp":"2026-06-30T08:39:10.056Z"}
{"level":"info","message":"::1 - - [30/Jun/2026:08:39:10 +0000] \"GET /api/notifications?limit=5 HTTP/1.1\" 304 - \"http://localhost:5173/\" \"Mozilla/5.0 (Macintosh; Intel Mac OS X 10_15_7) AppleWebKit/605.1.15 (KHTML, like Gecko) Version/26.5 Safari/605.1.15\"","timestamp":"2026-06-30T08:39:10.058Z"}
{"level":"info","message":"::1 - - [30/Jun/2026:08:39:10 +0000] \"GET /api/notifications/unread-count HTTP/1.1\" 304 - \"http://localhost:5173/\" \"Mozilla/5.0 (Macintosh; Intel Mac OS X 10_15_7) AppleWebKit/605.1.15 (KHTML, like Gecko) Version/26.5 Safari/605.1.15\"","timestamp":"2026-06-30T08:39:10.059Z"}
{"level":"info","message":"::1 - - [30/Jun/2026:08:39:10 +0000] \"GET /api/notifications?limit=5 HTTP/1.1\" 304 - \"http://localhost:5173/\" \"Mozilla/5.0 (Macintosh; Intel Mac OS X 10_15_7) AppleWebKit/605.1.15 (KHTML, like Gecko) Version/26.5 Safari/605.1.15\"","timestamp":"2026-06-30T08:39:10.061Z"}
{"level":"info","message":"Socket connected","timestamp":"2026-06-30T08:39:10.063Z","userId":"user-admin"}
{"level":"info","message":"::1 - - [30/Jun/2026:08:39:12 +0000] \"GET /api/notifications HTTP/1.1\" 304 - \"http://localhost:5173/\" \"Mozilla/5.0 (Macintosh; Intel Mac OS X 10_15_7) AppleWebKit/605.1.15 (KHTML, like Gecko) Version/26.5 Safari/605.1.15\"","timestamp":"2026-06-30T08:39:12.381Z"}
{"level":"info","message":"::1 - - [30/Jun/2026:08:39:16 +0000] \"GET /api/notifications/unread-count HTTP/1.1\" 304 - \"http://localhost:5173/\" \"Mozilla/5.0 (Macintosh; Intel Mac OS X 10_15_7) AppleWebKit/605.1.15 (KHTML, like Gecko) Version/26.5 Safari/605.1.15\"","timestamp":"2026-06-30T08:39:16.650Z"}
{"level":"info","message":"::1 - - [30/Jun/2026:08:39:16 +0000] \"GET /api/notifications?limit=5 HTTP/1.1\" 304 - \"http://localhost:5173/\" \"Mozilla/5.0 (Macintosh; Intel Mac OS X 10_15_7) AppleWebKit/605.1.15 (KHTML, like Gecko) Version/26.5 Safari/605.1.15\"","timestamp":"2026-06-30T08:39:16.651Z"}
{"level":"info","message":"::1 - - [30/Jun/2026:08:39:16 +0000] \"GET /api/notifications/unread-count HTTP/1.1\" 304 - \"http://localhost:5173/\" \"Mozilla/5.0 (Macintosh; Intel Mac OS X 10_15_7) AppleWebKit/605.1.15 (KHTML, like Gecko) Version/26.5 Safari/605.1.15\"","timestamp":"2026-06-30T08:39:16.652Z"}
{"level":"info","message":"::1 - - [30/Jun/2026:08:39:16 +0000] \"GET /api/notifications?limit=5 HTTP/1.1\" 304 - \"http://localhost:5173/\" \"Mozilla/5.0 (Macintosh; Intel Mac OS X 10_15_7) AppleWebKit/605.1.15 (KHTML, like Gecko) Version/26.5 Safari/605.1.15\"","timestamp":"2026-06-30T08:39:16.653Z"}
{"level":"info","message":"::1 - - [30/Jun/2026:08:39:19 +0000] \"GET /api/notifications/priority?top=10 HTTP/1.1\" 304 - \"http://localhost:5173/\" \"Mozilla/5.0 (Macintosh; Intel Mac OS X 10_15_7) AppleWebKit/605.1.15 (KHTML, like Gecko) Version/26.5 Safari/605.1.15\"","timestamp":"2026-06-30T08:39:19.667Z"}
{"level":"info","message":"::1 - - [30/Jun/2026:08:39:21 +0000] \"GET /api/notifications/priority?top=10 HTTP/1.1\" 304 - \"http://localhost:5173/\" \"Mozilla/5.0 (Macintosh; Intel Mac OS X 10_15_7) AppleWebKit/605.1.15 (KHTML, like Gecko) Version/26.5 Safari/605.1.15\"","timestamp":"2026-06-30T08:39:21.466Z"}
{"level":"info","message":"::1 - - [30/Jun/2026:08:39:21 +0000] \"GET /api/notifications/priority?top=10 HTTP/1.1\" 304 - \"http://localhost:5173/\" \"Mozilla/5.0 (Macintosh; Intel Mac OS X 10_15_7) AppleWebKit/605.1.15 (KHTML, like Gecko) Version/26.5 Safari/605.1.15\"","timestamp":"2026-06-30T08:39:21.470Z"}
{"level":"info","message":"::1 - - [30/Jun/2026:08:39:23 +0000] \"GET /api/notifications/priority?top=10 HTTP/1.1\" 304 - \"http://localhost:5173/\" \"Mozilla/5.0 (Macintosh; Intel Mac OS X 10_15_7) AppleWebKit/605.1.15 (KHTML, like Gecko) Version/26.5 Safari/605.1.15\"","timestamp":"2026-06-30T08:39:23.079Z"}
{"level":"info","message":"::1 - - [30/Jun/2026:08:39:23 +0000] \"GET /api/notifications/priority?top=10 HTTP/1.1\" 304 - \"http://localhost:5173/\" \"Mozilla/5.0 (Macintosh; Intel Mac OS X 10_15_7) AppleWebKit/605.1.15 (KHTML, like Gecko) Version/26.5 Safari/605.1.15\"","timestamp":"2026-06-30T08:39:23.081Z"}
{"level":"info","message":"::1 - - [30/Jun/2026:08:39:23 +0000] \"GET /api/notifications HTTP/1.1\" 304 - \"http://localhost:5173/\" \"Mozilla/5.0 (Macintosh; Intel Mac OS X 10_15_7) AppleWebKit/605.1.15 (KHTML, like Gecko) Version/26.5 Safari/605.1.15\"","timestamp":"2026-06-30T08:39:23.790Z"}
{"level":"info","message":"::1 - - [30/Jun/2026:08:39:23 +0000] \"GET /api/notifications HTTP/1.1\" 304 - \"http://localhost:5173/\" \"Mozilla/5.0 (Macintosh; Intel Mac OS X 10_15_7) AppleWebKit/605.1.15 (KHTML, like Gecko) Version/26.5 Safari/605.1.15\"","timestamp":"2026-06-30T08:39:23.791Z"}
{"level":"info","message":"::1 - - [30/Jun/2026:08:39:40 +0000] \"GET /api/notifications/unread-count HTTP/1.1\" 304 - \"http://localhost:5173/\" \"Mozilla/5.0 (Macintosh; Intel Mac OS X 10_15_7) AppleWebKit/605.1.15 (KHTML, like Gecko) Version/26.5 Safari/605.1.15\"","timestamp":"2026-06-30T08:39:40.589Z"}
{"level":"info","message":"::1 - - [30/Jun/2026:08:39:40 +0000] \"GET /api/notifications?limit=5 HTTP/1.1\" 304 - \"http://localhost:5173/\" \"Mozilla/5.0 (Macintosh; Intel Mac OS X 10_15_7) AppleWebKit/605.1.15 (KHTML, like Gecko) Version/26.5 Safari/605.1.15\"","timestamp":"2026-06-30T08:39:40.590Z"}
{"level":"info","message":"::1 - - [30/Jun/2026:08:39:40 +0000] \"GET /api/notifications/unread-count HTTP/1.1\" 304 - \"http://localhost:5173/\" \"Mozilla/5.0 (Macintosh; Intel Mac OS X 10_15_7) AppleWebKit/605.1.15 (KHTML, like Gecko) Version/26.5 Safari/605.1.15\"","timestamp":"2026-06-30T08:39:40.591Z"}
{"level":"info","message":"::1 - - [30/Jun/2026:08:39:40 +0000] \"GET /api/notifications?limit=5 HTTP/1.1\" 304 - \"http://localhost:5173/\" \"Mozilla/5.0 (Macintosh; Intel Mac OS X 10_15_7) AppleWebKit/605.1.15 (KHTML, like Gecko) Version/26.5 Safari/605.1.15\"","timestamp":"2026-06-30T08:39:40.592Z"}
{"level":"info","message":"::1 - - [30/Jun/2026:08:39:41 +0000] \"GET /api/notifications HTTP/1.1\" 304 - \"http://localhost:5173/\" \"Mozilla/5.0 (Macintosh; Intel Mac OS X 10_15_7) AppleWebKit/605.1.15 (KHTML, like Gecko) Version/26.5 Safari/605.1.15\"","timestamp":"2026-06-30T08:39:41.337Z"}
{"level":"info","message":"::1 - - [30/Jun/2026:08:39:41 +0000] \"GET /api/notifications HTTP/1.1\" 304 - \"http://localhost:5173/\" \"Mozilla/5.0 (Macintosh; Intel Mac OS X 10_15_7) AppleWebKit/605.1.15 (KHTML, like Gecko) Version/26.5 Safari/605.1.15\"","timestamp":"2026-06-30T08:39:41.338Z"}
{"level":"info","message":"::1 - - [30/Jun/2026:08:39:42 +0000] \"GET /api/notifications/unread-count HTTP/1.1\" 304 - \"http://localhost:5173/\" \"Mozilla/5.0 (Macintosh; Intel Mac OS X 10_15_7) AppleWebKit/605.1.15 (KHTML, like Gecko) Version/26.5 Safari/605.1.15\"","timestamp":"2026-06-30T08:39:42.931Z"}
{"level":"info","message":"::1 - - [30/Jun/2026:08:39:42 +0000] \"GET /api/notifications?limit=5 HTTP/1.1\" 304 - \"http://localhost:5173/\" \"Mozilla/5.0 (Macintosh; Intel Mac OS X 10_15_7) AppleWebKit/605.1.15 (KHTML, like Gecko) Version/26.5 Safari/605.1.15\"","timestamp":"2026-06-30T08:39:42.934Z"}
{"level":"info","message":"::1 - - [30/Jun/2026:08:39:42 +0000] \"GET /api/notifications/unread-count HTTP/1.1\" 304 - \"http://localhost:5173/\" \"Mozilla/5.0 (Macintosh; Intel Mac OS X 10_15_7) AppleWebKit/605.1.15 (KHTML, like Gecko) Version/26.5 Safari/605.1.15\"","timestamp":"2026-06-30T08:39:42.936Z"}
{"level":"info","message":"::1 - - [30/Jun/2026:08:39:42 +0000] \"GET /api/notifications?limit=5 HTTP/1.1\" 304 - \"http://localhost:5173/\" \"Mozilla/5.0 (Macintosh; Intel Mac OS X 10_15_7) AppleWebKit/605.1.15 (KHTML, like Gecko) Version/26.5 Safari/605.1.15\"","timestamp":"2026-06-30T08:39:42.937Z"}
{"level":"info","message":"::1 - - [30/Jun/2026:08:39:46 +0000] \"GET /api/notifications HTTP/1.1\" 304 - \"http://localhost:5173/\" \"Mozilla/5.0 (Macintosh; Intel Mac OS X 10_15_7) AppleWebKit/605.1.15 (KHTML, like Gecko) Version/26.5 Safari/605.1.15\"","timestamp":"2026-06-30T08:39:46.021Z"}
{"level":"info","message":"::1 - - [30/Jun/2026:08:39:46 +0000] \"GET /api/notifications HTTP/1.1\" 304 - \"http://localhost:5173/\" \"Mozilla/5.0 (Macintosh; Intel Mac OS X 10_15_7) AppleWebKit/605.1.15 (KHTML, like Gecko) Version/26.5 Safari/605.1.15\"","timestamp":"2026-06-30T08:39:46.022Z"}
{"level":"info","message":"Socket connected","timestamp":"2026-06-30T08:40:19.761Z","userId":"user-admin"}
